Analysis & Synthesis report for core
Sun Nov 17 18:26:29 2019
Quartus II 64-Bit Version 13.0.1 Build 232 06/12/2013 Service Pack 1 SJ Web Edition


---------------------
; Table of Contents ;
---------------------
  1. Legal Notice
  2. Analysis & Synthesis Summary
  3. Analysis & Synthesis Settings
  4. Analysis & Synthesis Source Files Read
  5. Analysis & Synthesis Resource Usage Summary
  6. Analysis & Synthesis Resource Utilization by Entity
  7. General Register Statistics
  8. Multiplexer Restructuring Statistics (Restructuring Performed)
  9. Parameter Settings for User Entity Instance: Top-level Entity: |core
 10. Parameter Settings for User Entity Instance: controlUnit:controlUnit_inst
 11. Parameter Settings for User Entity Instance: programCounter:program_counter_inst
 12. Parameter Settings for User Entity Instance: regFile:reg_file_inst
 13. Parameter Settings for User Entity Instance: executionUnit:exec_unit_inst
 14. Parameter Settings for User Entity Instance: executionUnit:exec_unit_inst|alu:ALU
 15. Parameter Settings for User Entity Instance: executionUnit:exec_unit_inst|lis:LIS
 16. Parameter Settings for User Entity Instance: executionUnit:exec_unit_inst|br:BR
 17. Parameter Settings for User Entity Instance: crs_unit:crs_unit_inst
 18. Parameter Settings for User Entity Instance: crs_unit:crs_unit_inst|timer:timer_inst
 19. Port Connectivity Checks: "executionUnit:exec_unit_inst|br:BR"
 20. Port Connectivity Checks: "executionUnit:exec_unit_inst"
 21. Elapsed Time Per Partition
 22. Analysis & Synthesis Messages



----------------
; Legal Notice ;
----------------
Copyright (C) 1991-2013 Altera Corporation
Your use of Altera Corporation's design tools, logic functions 
and other software and tools, and its AMPP partner logic 
functions, and any output files from any of the foregoing 
(including device programming or simulation files), and any 
associated documentation or information are expressly subject 
to the terms and conditions of the Altera Program License 
Subscription Agreement, Altera MegaCore Function License 
Agreement, or other applicable license agreement, including, 
without limitation, that your use is for the sole purpose of 
programming logic devices manufactured by Altera and sold by 
Altera or its authorized distributors.  Please refer to the 
applicable agreement for further details.



+--------------------------------------------------------------------------------------+
; Analysis & Synthesis Summary                                                         ;
+------------------------------------+-------------------------------------------------+
; Analysis & Synthesis Status        ; Successful - Sun Nov 17 18:26:29 2019           ;
; Quartus II 64-Bit Version          ; 13.0.1 Build 232 06/12/2013 SP 1 SJ Web Edition ;
; Revision Name                      ; core                                            ;
; Top-level Entity Name              ; core                                            ;
; Family                             ; Cyclone III                                     ;
; Total logic elements               ; 3,818                                           ;
;     Total combinational functions  ; 2,826                                           ;
;     Dedicated logic registers      ; 1,195                                           ;
; Total registers                    ; 1195                                            ;
; Total pins                         ; 123                                             ;
; Total virtual pins                 ; 0                                               ;
; Total memory bits                  ; 0                                               ;
; Embedded Multiplier 9-bit elements ; 0                                               ;
; Total PLLs                         ; 0                                               ;
+------------------------------------+-------------------------------------------------+


+----------------------------------------------------------------------------------------------------------------------+
; Analysis & Synthesis Settings                                                                                        ;
+----------------------------------------------------------------------------+--------------------+--------------------+
; Option                                                                     ; Setting            ; Default Value      ;
+----------------------------------------------------------------------------+--------------------+--------------------+
; Device                                                                     ; EP3C16F484C6       ;                    ;
; Top-level entity name                                                      ; core               ; core               ;
; Family name                                                                ; Cyclone III        ; Cyclone IV GX      ;
; Verilog Show LMF Mapping Messages                                          ; Off                ;                    ;
; Use smart compilation                                                      ; Off                ; Off                ;
; Enable parallel Assembler and TimeQuest Timing Analyzer during compilation ; On                 ; On                 ;
; Enable compact report table                                                ; Off                ; Off                ;
; Restructure Multiplexers                                                   ; Auto               ; Auto               ;
; Create Debugging Nodes for IP Cores                                        ; Off                ; Off                ;
; Preserve fewer node names                                                  ; On                 ; On                 ;
; Disable OpenCore Plus hardware evaluation                                  ; Off                ; Off                ;
; Verilog Version                                                            ; Verilog_2001       ; Verilog_2001       ;
; VHDL Version                                                               ; VHDL_1993          ; VHDL_1993          ;
; State Machine Processing                                                   ; Auto               ; Auto               ;
; Safe State Machine                                                         ; Off                ; Off                ;
; Extract Verilog State Machines                                             ; On                 ; On                 ;
; Extract VHDL State Machines                                                ; On                 ; On                 ;
; Ignore Verilog initial constructs                                          ; Off                ; Off                ;
; Iteration limit for constant Verilog loops                                 ; 5000               ; 5000               ;
; Iteration limit for non-constant Verilog loops                             ; 250                ; 250                ;
; Add Pass-Through Logic to Inferred RAMs                                    ; On                 ; On                 ;
; Infer RAMs from Raw Logic                                                  ; On                 ; On                 ;
; Parallel Synthesis                                                         ; On                 ; On                 ;
; DSP Block Balancing                                                        ; Auto               ; Auto               ;
; NOT Gate Push-Back                                                         ; On                 ; On                 ;
; Power-Up Don't Care                                                        ; On                 ; On                 ;
; Remove Redundant Logic Cells                                               ; Off                ; Off                ;
; Remove Duplicate Registers                                                 ; On                 ; On                 ;
; Ignore CARRY Buffers                                                       ; Off                ; Off                ;
; Ignore CASCADE Buffers                                                     ; Off                ; Off                ;
; Ignore GLOBAL Buffers                                                      ; Off                ; Off                ;
; Ignore ROW GLOBAL Buffers                                                  ; Off                ; Off                ;
; Ignore LCELL Buffers                                                       ; Off                ; Off                ;
; Ignore SOFT Buffers                                                        ; On                 ; On                 ;
; Limit AHDL Integers to 32 Bits                                             ; Off                ; Off                ;
; Optimization Technique                                                     ; Balanced           ; Balanced           ;
; Carry Chain Length                                                         ; 70                 ; 70                 ;
; Auto Carry Chains                                                          ; On                 ; On                 ;
; Auto Open-Drain Pins                                                       ; On                 ; On                 ;
; Perform WYSIWYG Primitive Resynthesis                                      ; Off                ; Off                ;
; Auto ROM Replacement                                                       ; On                 ; On                 ;
; Auto RAM Replacement                                                       ; On                 ; On                 ;
; Auto DSP Block Replacement                                                 ; On                 ; On                 ;
; Auto Shift Register Replacement                                            ; Auto               ; Auto               ;
; Allow Shift Register Merging across Hierarchies                            ; Auto               ; Auto               ;
; Auto Clock Enable Replacement                                              ; On                 ; On                 ;
; Strict RAM Replacement                                                     ; Off                ; Off                ;
; Allow Synchronous Control Signals                                          ; On                 ; On                 ;
; Force Use of Synchronous Clear Signals                                     ; Off                ; Off                ;
; Auto RAM Block Balancing                                                   ; On                 ; On                 ;
; Auto RAM to Logic Cell Conversion                                          ; Off                ; Off                ;
; Auto Resource Sharing                                                      ; Off                ; Off                ;
; Allow Any RAM Size For Recognition                                         ; Off                ; Off                ;
; Allow Any ROM Size For Recognition                                         ; Off                ; Off                ;
; Allow Any Shift Register Size For Recognition                              ; Off                ; Off                ;
; Use LogicLock Constraints during Resource Balancing                        ; On                 ; On                 ;
; Ignore translate_off and synthesis_off directives                          ; Off                ; Off                ;
; Timing-Driven Synthesis                                                    ; On                 ; On                 ;
; Report Parameter Settings                                                  ; On                 ; On                 ;
; Report Source Assignments                                                  ; On                 ; On                 ;
; Report Connectivity Checks                                                 ; On                 ; On                 ;
; Ignore Maximum Fan-Out Assignments                                         ; Off                ; Off                ;
; Synchronization Register Chain Length                                      ; 2                  ; 2                  ;
; PowerPlay Power Optimization                                               ; Normal compilation ; Normal compilation ;
; HDL message level                                                          ; Level2             ; Level2             ;
; Suppress Register Optimization Related Messages                            ; Off                ; Off                ;
; Number of Removed Registers Reported in Synthesis Report                   ; 5000               ; 5000               ;
; Number of Swept Nodes Reported in Synthesis Report                         ; 5000               ; 5000               ;
; Number of Inverted Registers Reported in Synthesis Report                  ; 100                ; 100                ;
; Clock MUX Protection                                                       ; On                 ; On                 ;
; Auto Gated Clock Conversion                                                ; Off                ; Off                ;
; Block Design Naming                                                        ; Auto               ; Auto               ;
; SDC constraint protection                                                  ; Off                ; Off                ;
; Synthesis Effort                                                           ; Auto               ; Auto               ;
; Shift Register Replacement - Allow Asynchronous Clear Signal               ; On                 ; On                 ;
; Pre-Mapping Resynthesis Optimization                                       ; Off                ; Off                ;
; Analysis & Synthesis Message Level                                         ; Medium             ; Medium             ;
; Disable Register Merging Across Hierarchies                                ; Auto               ; Auto               ;
; Resource Aware Inference For Block RAM                                     ; On                 ; On                 ;
; Synthesis Seed                                                             ; 1                  ; 1                  ;
+----------------------------------------------------------------------------+--------------------+--------------------+


+---------------------------------------------------------------------------------------------------------------------------------------------------------------------------------------------------+
; Analysis & Synthesis Source Files Read                                                                                                                                                            ;
+--------------------------------------------------------------+-----------------+------------------------------+-------------------------------------------------------------------------+---------+
; File Name with User-Entered Path                             ; Used in Netlist ; File Type                    ; File Name with Absolute Path                                            ; Library ;
+--------------------------------------------------------------+-----------------+------------------------------+-------------------------------------------------------------------------+---------+
; ../../src/core/core.v                                        ; yes             ; User Verilog HDL File        ; X:/RV32i-Verilog/src/core/core.v                                        ;         ;
; ../../src/core/core_control_unit.v                           ; yes             ; Auto-Found Verilog HDL File  ; X:/RV32i-Verilog/src/core/core_control_unit.v                           ;         ;
; ../../src/core/core_program_counter.v                        ; yes             ; Auto-Found Verilog HDL File  ; X:/RV32i-Verilog/src/core/core_program_counter.v                        ;         ;
; ../../src/core/core_regfile.v                                ; yes             ; Auto-Found Verilog HDL File  ; X:/RV32i-Verilog/src/core/core_regfile.v                                ;         ;
; ../../src/core/core_execution_unit/core_execution_unit_alu.v ; yes             ; Auto-Found Verilog HDL File  ; X:/RV32i-Verilog/src/core/core_execution_unit/core_execution_unit_alu.v ;         ;
; ../../src/core/core_execution_unit/core_execution_unit_lis.v ; yes             ; Auto-Found Verilog HDL File  ; X:/RV32i-Verilog/src/core/core_execution_unit/core_execution_unit_lis.v ;         ;
; ../../src/core/core_execution_unit/core_execution_unit_br.v  ; yes             ; Auto-Found Verilog HDL File  ; X:/RV32i-Verilog/src/core/core_execution_unit/core_execution_unit_br.v  ;         ;
; ../../src/core/core_execution_unit/core_execution_unit.v     ; yes             ; Auto-Found Verilog HDL File  ; X:/RV32i-Verilog/src/core/core_execution_unit/core_execution_unit.v     ;         ;
; ../../src/core/core_csr_unit/core_csr_unit_timer.v           ; yes             ; Auto-Found Verilog HDL File  ; X:/RV32i-Verilog/src/core/core_csr_unit/core_csr_unit_timer.v           ;         ;
; ../../src/core/core_csr_unit/core_csr_unit.v                 ; yes             ; Auto-Found Verilog HDL File  ; X:/RV32i-Verilog/src/core/core_csr_unit/core_csr_unit.v                 ;         ;
; /rv32i-verilog/src/defines.vh                                ; yes             ; Auto-Found Unspecified File  ; /rv32i-verilog/src/defines.vh                                           ;         ;
+--------------------------------------------------------------+-----------------+------------------------------+-------------------------------------------------------------------------+---------+


+---------------------------------------------------------+
; Analysis & Synthesis Resource Usage Summary             ;
+---------------------------------------------+-----------+
; Resource                                    ; Usage     ;
+---------------------------------------------+-----------+
; Estimated Total logic elements              ; 3,818     ;
;                                             ;           ;
; Total combinational functions               ; 2826      ;
; Logic element usage by number of LUT inputs ;           ;
;     -- 4 input functions                    ; 2163      ;
;     -- 3 input functions                    ; 520       ;
;     -- <=2 input functions                  ; 143       ;
;                                             ;           ;
; Logic elements by mode                      ;           ;
;     -- normal mode                          ; 2630      ;
;     -- arithmetic mode                      ; 196       ;
;                                             ;           ;
; Total registers                             ; 1195      ;
;     -- Dedicated logic registers            ; 1195      ;
;     -- I/O registers                        ; 0         ;
;                                             ;           ;
; I/O pins                                    ; 123       ;
; Embedded Multiplier 9-bit elements          ; 0         ;
; Maximum fan-out node                        ; clk~input ;
; Maximum fan-out                             ; 1195      ;
; Total fan-out                               ; 15498     ;
; Average fan-out                             ; 3.63      ;
+---------------------------------------------+-----------+


+---------------------------------------------------------------------------------------------------------------------------------------------------------------------------------------------------------------------+
; Analysis & Synthesis Resource Utilization by Entity                                                                                                                                                                 ;
+------------------------------------------+-------------------+--------------+-------------+--------------+---------+-----------+------+--------------+-----------------------------------------------+--------------+
; Compilation Hierarchy Node               ; LC Combinationals ; LC Registers ; Memory Bits ; DSP Elements ; DSP 9x9 ; DSP 18x18 ; Pins ; Virtual Pins ; Full Hierarchy Name                           ; Library Name ;
+------------------------------------------+-------------------+--------------+-------------+--------------+---------+-----------+------+--------------+-----------------------------------------------+--------------+
; |core                                    ; 2826 (0)          ; 1195 (0)     ; 0           ; 0            ; 0       ; 0         ; 123  ; 0            ; |core                                         ; work         ;
;    |controlUnit:controlUnit_inst|        ; 139 (139)         ; 0 (0)        ; 0           ; 0            ; 0       ; 0         ; 0    ; 0            ; |core|controlUnit:controlUnit_inst            ; work         ;
;    |crs_unit:crs_unit_inst|              ; 188 (124)         ; 161 (97)     ; 0           ; 0            ; 0       ; 0         ; 0    ; 0            ; |core|crs_unit:crs_unit_inst                  ; work         ;
;       |timer:timer_inst|                 ; 64 (64)           ; 64 (64)      ; 0           ; 0            ; 0       ; 0         ; 0    ; 0            ; |core|crs_unit:crs_unit_inst|timer:timer_inst ; work         ;
;    |executionUnit:exec_unit_inst|        ; 1109 (297)        ; 0 (0)        ; 0           ; 0            ; 0       ; 0         ; 0    ; 0            ; |core|executionUnit:exec_unit_inst            ; work         ;
;       |alu:ALU|                          ; 775 (775)         ; 0 (0)        ; 0           ; 0            ; 0       ; 0         ; 0    ; 0            ; |core|executionUnit:exec_unit_inst|alu:ALU    ; work         ;
;       |lis:LIS|                          ; 37 (37)           ; 0 (0)        ; 0           ; 0            ; 0       ; 0         ; 0    ; 0            ; |core|executionUnit:exec_unit_inst|lis:LIS    ; work         ;
;    |programCounter:program_counter_inst| ; 33 (33)           ; 10 (10)      ; 0           ; 0            ; 0       ; 0         ; 0    ; 0            ; |core|programCounter:program_counter_inst     ; work         ;
;    |regFile:reg_file_inst|               ; 1357 (1357)       ; 1024 (1024)  ; 0           ; 0            ; 0       ; 0         ; 0    ; 0            ; |core|regFile:reg_file_inst                   ; work         ;
+------------------------------------------+-------------------+--------------+-------------+--------------+---------+-----------+------+--------------+-----------------------------------------------+--------------+
Note: For table entries with two numbers listed, the numbers in parentheses indicate the number of resources of the given type used by the specific entity alone. The numbers listed outside of parentheses indicate the total resources of the given type used by the specific entity and all of its sub-entities in the hierarchy.


+------------------------------------------------------+
; General Register Statistics                          ;
+----------------------------------------------+-------+
; Statistic                                    ; Value ;
+----------------------------------------------+-------+
; Total registers                              ; 1195  ;
; Number of registers using Synchronous Clear  ; 0     ;
; Number of registers using Synchronous Load   ; 74    ;
; Number of registers using Asynchronous Clear ; 1163  ;
; Number of registers using Asynchronous Load  ; 0     ;
; Number of registers using Clock Enable       ; 1120  ;
; Number of registers using Preset             ; 0     ;
+----------------------------------------------+-------+


+-------------------------------------------------------------------------------------------------------------------------------------------------------------------+
; Multiplexer Restructuring Statistics (Restructuring Performed)                                                                                                    ;
+--------------------+-----------+---------------+----------------------+------------------------+------------+-----------------------------------------------------+
; Multiplexer Inputs ; Bus Width ; Baseline Area ; Area if Restructured ; Saving if Restructured ; Registered ; Example Multiplexer Output                          ;
+--------------------+-----------+---------------+----------------------+------------------------+------------+-----------------------------------------------------+
; 4:1                ; 32 bits   ; 64 LEs        ; 0 LEs                ; 64 LEs                 ; Yes        ; |core|crs_unit:crs_unit_inst|timer_val_o[16]        ;
; 4:1                ; 32 bits   ; 64 LEs        ; 0 LEs                ; 64 LEs                 ; Yes        ; |core|crs_unit:crs_unit_inst|timer_val_o[54]        ;
; 5:1                ; 32 bits   ; 96 LEs        ; 32 LEs               ; 64 LEs                 ; Yes        ; |core|crs_unit:crs_unit_inst|csr_val_o[0]           ;
; 3:1                ; 5 bits    ; 10 LEs        ; 10 LEs               ; 0 LEs                  ; No         ; |core|controlUnit:controlUnit_inst|Selector8        ;
; 3:1                ; 4 bits    ; 8 LEs         ; 4 LEs                ; 4 LEs                  ; No         ; |core|controlUnit:controlUnit_inst|Selector0        ;
; 3:1                ; 11 bits   ; 22 LEs        ; 11 LEs               ; 11 LEs                 ; No         ; |core|controlUnit:controlUnit_inst|Selector0        ;
; 3:1                ; 22 bits   ; 44 LEs        ; 22 LEs               ; 22 LEs                 ; No         ; |core|executionUnit:exec_unit_inst|s1_ALU[29]       ;
; 3:1                ; 10 bits   ; 20 LEs        ; 20 LEs               ; 0 LEs                  ; No         ; |core|executionUnit:exec_unit_inst|s1_ALU[2]        ;
; 3:1                ; 32 bits   ; 64 LEs        ; 64 LEs               ; 0 LEs                  ; No         ; |core|executionUnit:exec_unit_inst|s2_ALU[29]       ;
; 4:1                ; 32 bits   ; 64 LEs        ; 64 LEs               ; 0 LEs                  ; No         ; |core|executionUnit:exec_unit_inst|csr_val_o        ;
; 6:1                ; 5 bits    ; 20 LEs        ; 15 LEs               ; 5 LEs                  ; No         ; |core|controlUnit:controlUnit_inst|Selector13       ;
; 7:1                ; 6 bits    ; 24 LEs        ; 12 LEs               ; 12 LEs                 ; No         ; |core|controlUnit:controlUnit_inst|Selector3        ;
; 33:1               ; 32 bits   ; 704 LEs       ; 704 LEs              ; 0 LEs                  ; No         ; |core|regFile:reg_file_inst|rs2[18]                 ;
; 6:1                ; 10 bits   ; 40 LEs        ; 20 LEs               ; 20 LEs                 ; No         ; |core|programCounter:program_counter_inst|offset[0] ;
; 6:1                ; 8 bits    ; 32 LEs        ; 24 LEs               ; 8 LEs                  ; No         ; |core|executionUnit:exec_unit_inst|d_o[1]           ;
; 33:1               ; 32 bits   ; 704 LEs       ; 704 LEs              ; 0 LEs                  ; No         ; |core|regFile:reg_file_inst|rs1[23]                 ;
; 19:1               ; 8 bits    ; 96 LEs        ; 64 LEs               ; 32 LEs                 ; No         ; |core|executionUnit:exec_unit_inst|alu:ALU|Mux16    ;
; 20:1               ; 7 bits    ; 91 LEs        ; 56 LEs               ; 35 LEs                 ; No         ; |core|executionUnit:exec_unit_inst|alu:ALU|Mux13    ;
; 8:1                ; 16 bits   ; 80 LEs        ; 64 LEs               ; 16 LEs                 ; No         ; |core|executionUnit:exec_unit_inst|d_o[31]          ;
; 9:1                ; 3 bits    ; 18 LEs        ; 9 LEs                ; 9 LEs                  ; No         ; |core|controlUnit:controlUnit_inst|Selector16       ;
; 20:1               ; 4 bits    ; 52 LEs        ; 32 LEs               ; 20 LEs                 ; No         ; |core|executionUnit:exec_unit_inst|alu:ALU|Mux25    ;
; 21:1               ; 4 bits    ; 56 LEs        ; 36 LEs               ; 20 LEs                 ; No         ; |core|executionUnit:exec_unit_inst|alu:ALU|Mux5     ;
; 9:1                ; 5 bits    ; 30 LEs        ; 15 LEs               ; 15 LEs                 ; No         ; |core|executionUnit:exec_unit_inst|d_o[12]          ;
; 9:1                ; 2 bits    ; 12 LEs        ; 8 LEs                ; 4 LEs                  ; No         ; |core|executionUnit:exec_unit_inst|d_o[9]           ;
; 134:1              ; 2 bits    ; 178 LEs       ; 16 LEs               ; 162 LEs                ; No         ; |core|controlUnit:controlUnit_inst|Selector32       ;
; 135:1              ; 2 bits    ; 180 LEs       ; 20 LEs               ; 160 LEs                ; No         ; |core|controlUnit:controlUnit_inst|Selector36       ;
; 21:1               ; 2 bits    ; 28 LEs        ; 16 LEs               ; 12 LEs                 ; No         ; |core|executionUnit:exec_unit_inst|alu:ALU|Mux28    ;
; 22:1               ; 2 bits    ; 28 LEs        ; 20 LEs               ; 8 LEs                  ; No         ; |core|executionUnit:exec_unit_inst|alu:ALU|Mux3     ;
; 13:1               ; 5 bits    ; 40 LEs        ; 10 LEs               ; 30 LEs                 ; No         ; |core|controlUnit:controlUnit_inst|Selector26       ;
; 16:1               ; 4 bits    ; 40 LEs        ; 16 LEs               ; 24 LEs                 ; No         ; |core|controlUnit:controlUnit_inst|Selector22       ;
+--------------------+-----------+---------------+----------------------+------------------------+------------+-----------------------------------------------------+


+----------------------------------------------------------------------+
; Parameter Settings for User Entity Instance: Top-level Entity: |core ;
+-------------------+-------+------------------------------------------+
; Parameter Name    ; Value ; Type                                     ;
+-------------------+-------+------------------------------------------+
; MEM_ADDR_WIDTH    ; 10    ; Signed Integer                           ;
; DATA_WIDTH        ; 32    ; Signed Integer                           ;
; TRANSFER_WIDTH    ; 4     ; Signed Integer                           ;
; CSR_OP_WIDTH      ; 3     ; Signed Integer                           ;
; CSR_ADDR_WIDTH    ; 12    ; Signed Integer                           ;
; ALU_OP_WIDTH      ; 4     ; Signed Integer                           ;
; LIS_OP_WIDTH      ; 3     ; Signed Integer                           ;
; BR_OP_WIDTH       ; 2     ; Signed Integer                           ;
; DATA_ORIGIN_WIDTH ; 2     ; Signed Integer                           ;
; REG_ADDR_WIDTH    ; 5     ; Signed Integer                           ;
+-------------------+-------+------------------------------------------+
Note: In order to hide this table in the UI and the text report file, please set the "Show Parameter Settings in Synthesis Report" option in "Analysis and Synthesis Settings -> More Settings" to "Off".


+---------------------------------------------------------------------------+
; Parameter Settings for User Entity Instance: controlUnit:controlUnit_inst ;
+-------------------+-------+-----------------------------------------------+
; Parameter Name    ; Value ; Type                                          ;
+-------------------+-------+-----------------------------------------------+
; MEM_ADDR_WIDTH    ; 10    ; Signed Integer                                ;
; DATA_WIDTH        ; 32    ; Signed Integer                                ;
; TRANSFER_WIDTH    ; 4     ; Signed Integer                                ;
; CSR_OP_WIDTH      ; 3     ; Signed Integer                                ;
; CSR_ADDR_WIDTH    ; 12    ; Signed Integer                                ;
; ALU_OP_WIDTH      ; 4     ; Signed Integer                                ;
; LIS_OP_WIDTH      ; 3     ; Signed Integer                                ;
; BR_OP_WIDTH       ; 2     ; Signed Integer                                ;
; DATA_ORIGIN_WIDTH ; 2     ; Signed Integer                                ;
; REG_ADDR_WIDTH    ; 5     ; Signed Integer                                ;
; CSRRW             ; 1     ; Signed Integer                                ;
; CSRRS             ; 2     ; Signed Integer                                ;
; CSRRC             ; 3     ; Signed Integer                                ;
; CSRRWI            ; 4     ; Signed Integer                                ;
; CSRRSI            ; 5     ; Signed Integer                                ;
; CSRRCI            ; 6     ; Signed Integer                                ;
; ALU_OP_ADD        ; 0     ; Signed Integer                                ;
; ALU_OP_SUB        ; 1     ; Signed Integer                                ;
; ALU_OP_SLL        ; 2     ; Signed Integer                                ;
; ALU_OP_SLT        ; 3     ; Signed Integer                                ;
; ALU_OP_SLTU       ; 4     ; Signed Integer                                ;
; ALU_OP_XOR        ; 5     ; Signed Integer                                ;
; ALU_OP_SRL        ; 6     ; Signed Integer                                ;
; ALU_OP_SRA        ; 7     ; Signed Integer                                ;
; ALU_OP_OR         ; 8     ; Signed Integer                                ;
; ALU_OP_AND        ; 9     ; Signed Integer                                ;
+-------------------+-------+-----------------------------------------------+
Note: In order to hide this table in the UI and the text report file, please set the "Show Parameter Settings in Synthesis Report" option in "Analysis and Synthesis Settings -> More Settings" to "Off".


+----------------------------------------------------------------------------------+
; Parameter Settings for User Entity Instance: programCounter:program_counter_inst ;
+----------------+-------+---------------------------------------------------------+
; Parameter Name ; Value ; Type                                                    ;
+----------------+-------+---------------------------------------------------------+
; MEM_ADDR_WIDTH ; 10    ; Signed Integer                                          ;
+----------------+-------+---------------------------------------------------------+
Note: In order to hide this table in the UI and the text report file, please set the "Show Parameter Settings in Synthesis Report" option in "Analysis and Synthesis Settings -> More Settings" to "Off".


+--------------------------------------------------------------------+
; Parameter Settings for User Entity Instance: regFile:reg_file_inst ;
+----------------+-------+-------------------------------------------+
; Parameter Name ; Value ; Type                                      ;
+----------------+-------+-------------------------------------------+
; DATA_WIDTH     ; 32    ; Signed Integer                            ;
; REG_DEPTH      ; 32    ; Signed Integer                            ;
; REG_ADDR_WIDTH ; 5     ; Signed Integer                            ;
+----------------+-------+-------------------------------------------+
Note: In order to hide this table in the UI and the text report file, please set the "Show Parameter Settings in Synthesis Report" option in "Analysis and Synthesis Settings -> More Settings" to "Off".


+---------------------------------------------------------------------------+
; Parameter Settings for User Entity Instance: executionUnit:exec_unit_inst ;
+-------------------+-------+-----------------------------------------------+
; Parameter Name    ; Value ; Type                                          ;
+-------------------+-------+-----------------------------------------------+
; MEM_ADDR_WIDTH    ; 10    ; Signed Integer                                ;
; DATA_WIDTH        ; 32    ; Signed Integer                                ;
; CSR_OP_WIDTH      ; 3     ; Signed Integer                                ;
; ALU_OP_WIDTH      ; 4     ; Signed Integer                                ;
; LIS_OP_WIDTH      ; 3     ; Signed Integer                                ;
; BR_OP_WIDTH       ; 2     ; Signed Integer                                ;
; DATA_ORIGIN_WIDTH ; 2     ; Signed Integer                                ;
; CSRRW             ; 1     ; Signed Integer                                ;
; CSRRS             ; 2     ; Signed Integer                                ;
; CSRRC             ; 3     ; Signed Integer                                ;
; CSRRWI            ; 4     ; Signed Integer                                ;
; CSRRSI            ; 5     ; Signed Integer                                ;
; CSRRCI            ; 6     ; Signed Integer                                ;
; REGS              ; 0     ; Signed Integer                                ;
; RS2IMM_RS1        ; 1     ; Signed Integer                                ;
; RS2IMM_RS1PC      ; 2     ; Signed Integer                                ;
+-------------------+-------+-----------------------------------------------+
Note: In order to hide this table in the UI and the text report file, please set the "Show Parameter Settings in Synthesis Report" option in "Analysis and Synthesis Settings -> More Settings" to "Off".


+-----------------------------------------------------------------------------------+
; Parameter Settings for User Entity Instance: executionUnit:exec_unit_inst|alu:ALU ;
+----------------+-------+----------------------------------------------------------+
; Parameter Name ; Value ; Type                                                     ;
+----------------+-------+----------------------------------------------------------+
; ALU_OPWIDTH    ; 4     ; Signed Integer                                           ;
; DATA_WIDTH     ; 32    ; Signed Integer                                           ;
; ALU_OP_ADD     ; 0     ; Signed Integer                                           ;
; ALU_OP_SUB     ; 1     ; Signed Integer                                           ;
; ALU_OP_SLL     ; 2     ; Signed Integer                                           ;
; ALU_OP_SLT     ; 3     ; Signed Integer                                           ;
; ALU_OP_SLTU    ; 4     ; Signed Integer                                           ;
; ALU_OP_XOR     ; 5     ; Signed Integer                                           ;
; ALU_OP_SRL     ; 6     ; Signed Integer                                           ;
; ALU_OP_SRA     ; 7     ; Signed Integer                                           ;
; ALU_OP_OR      ; 8     ; Signed Integer                                           ;
; ALU_OP_AND     ; 9     ; Signed Integer                                           ;
+----------------+-------+----------------------------------------------------------+
Note: In order to hide this table in the UI and the text report file, please set the "Show Parameter Settings in Synthesis Report" option in "Analysis and Synthesis Settings -> More Settings" to "Off".


+-----------------------------------------------------------------------------------+
; Parameter Settings for User Entity Instance: executionUnit:exec_unit_inst|lis:LIS ;
+----------------+-------+----------------------------------------------------------+
; Parameter Name ; Value ; Type                                                     ;
+----------------+-------+----------------------------------------------------------+
; LIS_OP_WIDTH   ; 3     ; Signed Integer                                           ;
; DATA_WIDTH     ; 32    ; Signed Integer                                           ;
; MEM_ADDR_WIDTH ; 10    ; Signed Integer                                           ;
; LIS_LB         ; 0     ; Signed Integer                                           ;
; LIS_LH         ; 1     ; Signed Integer                                           ;
; LIS_LW         ; 2     ; Signed Integer                                           ;
; LIS_LBU        ; 3     ; Signed Integer                                           ;
; LIS_LHU        ; 4     ; Signed Integer                                           ;
; LIS_SB         ; 5     ; Signed Integer                                           ;
; LIS_SH         ; 6     ; Signed Integer                                           ;
; LIS_SW         ; 7     ; Signed Integer                                           ;
+----------------+-------+----------------------------------------------------------+
Note: In order to hide this table in the UI and the text report file, please set the "Show Parameter Settings in Synthesis Report" option in "Analysis and Synthesis Settings -> More Settings" to "Off".


+---------------------------------------------------------------------------------+
; Parameter Settings for User Entity Instance: executionUnit:exec_unit_inst|br:BR ;
+----------------+-------+--------------------------------------------------------+
; Parameter Name ; Value ; Type                                                   ;
+----------------+-------+--------------------------------------------------------+
; BR_OP_WIDTH    ; 2     ; Signed Integer                                         ;
; DATA_WIDTH     ; 32    ; Signed Integer                                         ;
; BR_EQ          ; 0     ; Signed Integer                                         ;
; BR_NE          ; 1     ; Signed Integer                                         ;
; BR_LT          ; 2     ; Signed Integer                                         ;
; BR_GE          ; 3     ; Signed Integer                                         ;
+----------------+-------+--------------------------------------------------------+
Note: In order to hide this table in the UI and the text report file, please set the "Show Parameter Settings in Synthesis Report" option in "Analysis and Synthesis Settings -> More Settings" to "Off".


+---------------------------------------------------------------------+
; Parameter Settings for User Entity Instance: crs_unit:crs_unit_inst ;
+----------------+-------+--------------------------------------------+
; Parameter Name ; Value ; Type                                       ;
+----------------+-------+--------------------------------------------+
; CSR_XLEN       ; 64    ; Signed Integer                             ;
; REG_XLEN       ; 32    ; Signed Integer                             ;
; DATA_WIDTH     ; 32    ; Signed Integer                             ;
; CSR_OP_WIDTH   ; 3     ; Signed Integer                             ;
; CSR_ADDR_WIDTH ; 12    ; Signed Integer                             ;
+----------------+-------+--------------------------------------------+
Note: In order to hide this table in the UI and the text report file, please set the "Show Parameter Settings in Synthesis Report" option in "Analysis and Synthesis Settings -> More Settings" to "Off".


+--------------------------------------------------------------------------------------+
; Parameter Settings for User Entity Instance: crs_unit:crs_unit_inst|timer:timer_inst ;
+----------------+-------+-------------------------------------------------------------+
; Parameter Name ; Value ; Type                                                        ;
+----------------+-------+-------------------------------------------------------------+
; CSR_XLEN       ; 64    ; Signed Integer                                              ;
+----------------+-------+-------------------------------------------------------------+
Note: In order to hide this table in the UI and the text report file, please set the "Show Parameter Settings in Synthesis Report" option in "Analysis and Synthesis Settings -> More Settings" to "Off".


+----------------------------------------------------------------+
; Port Connectivity Checks: "executionUnit:exec_unit_inst|br:BR" ;
+------------------+-------+----------+--------------------------+
; Port             ; Type  ; Severity ; Details                  ;
+------------------+-------+----------+--------------------------+
; old_pc_i[31..10] ; Input ; Info     ; Stuck at GND             ;
+------------------+-------+----------+--------------------------+


+-----------------------------------------------------------------------------------------------------------------------------------+
; Port Connectivity Checks: "executionUnit:exec_unit_inst"                                                                          ;
+-------------------------+--------+----------+-------------------------------------------------------------------------------------+
; Port                    ; Type   ; Severity ; Details                                                                             ;
+-------------------------+--------+----------+-------------------------------------------------------------------------------------+
; new_pc_offset_o[31..10] ; Output ; Info     ; Connected to dangling logic. Logic that only feeds a dangling port will be removed. ;
+-------------------------+--------+----------+-------------------------------------------------------------------------------------+


+-------------------------------+
; Elapsed Time Per Partition    ;
+----------------+--------------+
; Partition Name ; Elapsed Time ;
+----------------+--------------+
; Top            ; 00:00:20     ;
+----------------+--------------+


+-------------------------------+
; Analysis & Synthesis Messages ;
+-------------------------------+
Info: *******************************************************************
Info: Running Quartus II 64-Bit Analysis & Synthesis
    Info: Version 13.0.1 Build 232 06/12/2013 Service Pack 1 SJ Web Edition
    Info: Processing started: Sun Nov 17 18:26:06 2019
Info: Command: quartus_map --read_settings_files=on --write_settings_files=off core -c core
Info (20029): Only one processor detected - disabling parallel compilation
Info (12021): Found 10 design units, including 10 entities, in source file /rv32i-verilog/src/core/core.v
    Info (12023): Found entity 1: controlUnit
    Info (12023): Found entity 2: programCounter
    Info (12023): Found entity 3: regFile
    Info (12023): Found entity 4: alu
    Info (12023): Found entity 5: lis
    Info (12023): Found entity 6: br
    Info (12023): Found entity 7: executionUnit
    Info (12023): Found entity 8: timer
    Info (12023): Found entity 9: crs_unit
    Info (12023): Found entity 10: core
Info (12127): Elaborating entity "core" for the top level hierarchy
Info (12128): Elaborating entity "controlUnit" for hierarchy "controlUnit:controlUnit_inst"
Warning (10230): Verilog HDL assignment warning at core_control_unit.v(340): truncated value with size 32 to match size of target (2)
Warning (10230): Verilog HDL assignment warning at core_control_unit.v(346): truncated value with size 32 to match size of target (4)
Warning (10230): Verilog HDL assignment warning at core_control_unit.v(354): truncated value with size 32 to match size of target (2)
Warning (10230): Verilog HDL assignment warning at core_control_unit.v(366): truncated value with size 32 to match size of target (4)
Warning (10230): Verilog HDL assignment warning at core_control_unit.v(382): truncated value with size 32 to match size of target (2)
Warning (10230): Verilog HDL assignment warning at core_control_unit.v(391): truncated value with size 32 to match size of target (4)
Warning (10230): Verilog HDL assignment warning at core_control_unit.v(400): truncated value with size 32 to match size of target (2)
Warning (10230): Verilog HDL assignment warning at core_control_unit.v(405): truncated value with size 32 to match size of target (4)
Warning (10230): Verilog HDL assignment warning at core_control_unit.v(419): truncated value with size 32 to match size of target (2)
Warning (10230): Verilog HDL assignment warning at core_control_unit.v(427): truncated value with size 32 to match size of target (4)
Warning (10230): Verilog HDL assignment warning at core_control_unit.v(433): truncated value with size 32 to match size of target (2)
Warning (10230): Verilog HDL assignment warning at core_control_unit.v(434): truncated value with size 32 to match size of target (2)
Warning (10230): Verilog HDL assignment warning at core_control_unit.v(436): truncated value with size 32 to match size of target (4)
Warning (10230): Verilog HDL assignment warning at core_control_unit.v(437): truncated value with size 32 to match size of target (2)
Warning (10230): Verilog HDL assignment warning at core_control_unit.v(440): truncated value with size 32 to match size of target (4)
Warning (10230): Verilog HDL assignment warning at core_control_unit.v(441): truncated value with size 32 to match size of target (2)
Warning (10230): Verilog HDL assignment warning at core_control_unit.v(444): truncated value with size 32 to match size of target (4)
Warning (10230): Verilog HDL assignment warning at core_control_unit.v(445): truncated value with size 32 to match size of target (2)
Warning (10230): Verilog HDL assignment warning at core_control_unit.v(448): truncated value with size 32 to match size of target (4)
Warning (10230): Verilog HDL assignment warning at core_control_unit.v(449): truncated value with size 32 to match size of target (2)
Warning (10230): Verilog HDL assignment warning at core_control_unit.v(466): truncated value with size 32 to match size of target (4)
Warning (10230): Verilog HDL assignment warning at core_control_unit.v(468): truncated value with size 32 to match size of target (2)
Warning (10230): Verilog HDL assignment warning at core_control_unit.v(475): truncated value with size 32 to match size of target (3)
Warning (10230): Verilog HDL assignment warning at core_control_unit.v(476): truncated value with size 32 to match size of target (3)
Warning (10230): Verilog HDL assignment warning at core_control_unit.v(477): truncated value with size 32 to match size of target (3)
Warning (10230): Verilog HDL assignment warning at core_control_unit.v(478): truncated value with size 32 to match size of target (3)
Warning (10230): Verilog HDL assignment warning at core_control_unit.v(479): truncated value with size 32 to match size of target (3)
Warning (10230): Verilog HDL assignment warning at core_control_unit.v(498): truncated value with size 32 to match size of target (4)
Warning (10230): Verilog HDL assignment warning at core_control_unit.v(500): truncated value with size 32 to match size of target (2)
Warning (10230): Verilog HDL assignment warning at core_control_unit.v(510): truncated value with size 32 to match size of target (3)
Warning (10230): Verilog HDL assignment warning at core_control_unit.v(514): truncated value with size 32 to match size of target (3)
Warning (10230): Verilog HDL assignment warning at core_control_unit.v(518): truncated value with size 32 to match size of target (3)
Warning (10230): Verilog HDL assignment warning at core_control_unit.v(530): truncated value with size 32 to match size of target (2)
Warning (10230): Verilog HDL assignment warning at core_control_unit.v(536): truncated value with size 32 to match size of target (4)
Warning (10230): Verilog HDL assignment warning at core_control_unit.v(537): truncated value with size 32 to match size of target (4)
Warning (10230): Verilog HDL assignment warning at core_control_unit.v(538): truncated value with size 32 to match size of target (4)
Warning (10230): Verilog HDL assignment warning at core_control_unit.v(539): truncated value with size 32 to match size of target (4)
Warning (10230): Verilog HDL assignment warning at core_control_unit.v(540): truncated value with size 32 to match size of target (4)
Warning (10230): Verilog HDL assignment warning at core_control_unit.v(541): truncated value with size 32 to match size of target (4)
Warning (10230): Verilog HDL assignment warning at core_control_unit.v(543): truncated value with size 32 to match size of target (4)
Warning (10230): Verilog HDL assignment warning at core_control_unit.v(544): truncated value with size 32 to match size of target (4)
Warning (10230): Verilog HDL assignment warning at core_control_unit.v(559): truncated value with size 32 to match size of target (4)
Warning (10230): Verilog HDL assignment warning at core_control_unit.v(560): truncated value with size 32 to match size of target (4)
Warning (10230): Verilog HDL assignment warning at core_control_unit.v(561): truncated value with size 32 to match size of target (4)
Warning (10230): Verilog HDL assignment warning at core_control_unit.v(562): truncated value with size 32 to match size of target (4)
Warning (10230): Verilog HDL assignment warning at core_control_unit.v(563): truncated value with size 32 to match size of target (4)
Warning (10230): Verilog HDL assignment warning at core_control_unit.v(564): truncated value with size 32 to match size of target (4)
Warning (10230): Verilog HDL assignment warning at core_control_unit.v(565): truncated value with size 32 to match size of target (4)
Warning (10230): Verilog HDL assignment warning at core_control_unit.v(566): truncated value with size 32 to match size of target (4)
Warning (10230): Verilog HDL assignment warning at core_control_unit.v(594): truncated value with size 32 to match size of target (3)
Warning (10230): Verilog HDL assignment warning at core_control_unit.v(598): truncated value with size 32 to match size of target (3)
Warning (10230): Verilog HDL assignment warning at core_control_unit.v(602): truncated value with size 32 to match size of target (3)
Warning (10230): Verilog HDL assignment warning at core_control_unit.v(606): truncated value with size 32 to match size of target (3)
Warning (10230): Verilog HDL assignment warning at core_control_unit.v(610): truncated value with size 32 to match size of target (3)
Warning (10230): Verilog HDL assignment warning at core_control_unit.v(614): truncated value with size 32 to match size of target (3)
Info (12128): Elaborating entity "programCounter" for hierarchy "programCounter:program_counter_inst"
Info (12128): Elaborating entity "regFile" for hierarchy "regFile:reg_file_inst"
Info (12128): Elaborating entity "executionUnit" for hierarchy "executionUnit:exec_unit_inst"
Info (12128): Elaborating entity "alu" for hierarchy "executionUnit:exec_unit_inst|alu:ALU"
Info (12128): Elaborating entity "lis" for hierarchy "executionUnit:exec_unit_inst|lis:LIS"
Info (12128): Elaborating entity "br" for hierarchy "executionUnit:exec_unit_inst|br:BR"
Info (12128): Elaborating entity "crs_unit" for hierarchy "crs_unit:crs_unit_inst"
Info (12128): Elaborating entity "timer" for hierarchy "crs_unit:crs_unit_inst|timer:timer_inst"
Info (286030): Timing-Driven Synthesis is running
Info (16010): Generating hard_block partition "hard_block:auto_generated_inst"
    Info (16011): Adding 0 node(s), including 0 DDIO, 0 PLL, 0 transceiver and 0 LCELL
Info (21057): Implemented 3973 device resources after synthesis - the final resource count might be different
    Info (21058): Implemented 66 input pins
    Info (21059): Implemented 57 output pins
    Info (21061): Implemented 3850 logic cells
Info: Quartus II 64-Bit Analysis & Synthesis was successful. 0 errors, 55 warnings
    Info: Peak virtual memory: 4607 megabytes
    Info: Processing ended: Sun Nov 17 18:26:30 2019
    Info: Elapsed time: 00:00:24
    Info: Total CPU time (on all processors): 00:00:23


