MIF/HEX Update report for DE0_top
Thu Dec 05 18:50:28 2019
Quartus II 64-Bit Version 13.0.1 Build 232 06/12/2013 Service Pack 1 SJ Web Edition


---------------------
; Table of Contents ;
---------------------
  1. Legal Notice
  2. MIF/HEX Update Summary
  3. MIF/HEX Update Processed Files
  4. MIF/HEX Update Messages



----------------
; Legal Notice ;
----------------
Copyright (C) 1991-2013 Altera Corporation
Your use of Altera Corporation's design tools, logic functions 
and other software and tools, and its AMPP partner logic 
functions, and any output files from any of the foregoing 
(including device programming or simulation files), and any 
associated documentation or information are expressly subject 
to the terms and conditions of the Altera Program License 
Subscription Agreement, Altera MegaCore Function License 
Agreement, or other applicable license agreement, including, 
without limitation, that your use is for the sole purpose of 
programming logic devices manufactured by Altera and sold by 
Altera or its authorized distributors.  Please refer to the 
applicable agreement for further details.



+---------------------------------------------------------------+
; MIF/HEX Update Summary                                        ;
+-----------------------+---------------------------------------+
; MIF/HEX Update Status ; Successful - Thu Dec 05 18:50:28 2019 ;
; Revision Name         ; DE0_top                               ;
; Top-level Entity Name ; DE0_top                               ;
; Family                ; Cyclone III                           ;
; Device                ; EP3C16F484C6                          ;
+-----------------------+---------------------------------------+


+---------------------------------------------------------+
; MIF/HEX Update Processed Files                          ;
+---------------------------------------------------------+
; File Name                                               ;
+---------------------------------------------------------+
; //Mac/Shared/RV32i-Verilog/Quartus/DE0_Demo/DE0_top.hex ;
+---------------------------------------------------------+


+-------------------------+
; MIF/HEX Update Messages ;
+-------------------------+
Info: *******************************************************************
Info: Running Quartus II 64-Bit MIF/HEX Update
    Info: Version 13.0.1 Build 232 06/12/2013 Service Pack 1 SJ Web Edition
    Info: Processing started: Thu Dec 05 18:50:20 2019
Info: Command: quartus_cdb DE0_top -c DE0_top --update_mif
Critical Warning (127005): Memory depth (1024) in the design file differs from memory depth (32) in the Memory Initialization File "//Mac/Shared/RV32i-Verilog/Quartus/DE0_Demo/DE0_top.hex" -- setting initial value for remaining addresses to 0
Info (39024): Processed the following Memory Initialization File(s)
    Info (39025): Processed Memory Initialization File //Mac/Shared/RV32i-Verilog/Quartus/DE0_Demo/DE0_top.hex
Info: Quartus II 64-Bit MIF/HEX Update was successful. 0 errors, 1 warning
    Info: Peak virtual memory: 4643 megabytes
    Info: Processing ended: Thu Dec 05 18:50:29 2019
    Info: Elapsed time: 00:00:09
    Info: Total CPU time (on all processors): 00:00:05


